[debug] [2020-08-14T14:08:31.541Z] ----------------------------------------------------------------------
[debug] [2020-08-14T14:08:31.547Z] Command:       C:\Program Files\nodejs\node.exe C:\Users\Janet Peng\AppData\Roaming\npm\node_modules\firebase-tools\lib\bin\firebase.js init
[debug] [2020-08-14T14:08:31.548Z] CLI Version:   8.7.0
[debug] [2020-08-14T14:08:31.548Z] Platform:      win32
[debug] [2020-08-14T14:08:31.548Z] Node Version:  v8.15.1
[debug] [2020-08-14T14:08:31.550Z] Time:          Fri Aug 14 2020 10:08:31 GMT-0400 (Eastern Daylight Time)
[debug] [2020-08-14T14:08:31.551Z] ----------------------------------------------------------------------
[debug] [2020-08-14T14:08:31.551Z] 
[debug] [2020-08-14T14:08:31.571Z] > command requires scopes: ["email","openid","https://www.googleapis.com/auth/cloudplatformprojects.readonly","https://www.googleapis.com/auth/firebase","https://www.googleapis.com/auth/cloud-platform"]
[debug] [2020-08-14T14:08:31.573Z] > authorizing via signed-in user
[info] 
     ######## #### ########  ######## ########     ###     ######  ########
     ##        ##  ##     ## ##       ##     ##  ##   ##  ##       ##
     ######    ##  ########  ######   ########  #########  ######  ######
     ##        ##  ##    ##  ##       ##     ## ##     ##       ## ##
     ##       #### ##     ## ######## ########  ##     ##  ######  ########

You're about to initialize a Firebase project in this directory:

  C:\portfolio-build

Before we get started, keep in mind:

  * You are currently outside your home directory
  * You are initializing in an existing Firebase project directory

